<?xml version="1.0" encoding="UTF-8"?>
<!-- Generated by org.testng.reporters.JUnitXMLReporter -->
<testsuite ignored="0" hostname="NMP" failures="0" tests="7" name="Surefire test" time="113.769" errors="0" timestamp="2024-04-22T07:58:55 IST">
  <testcase classname="Beauty.LaunchLoreal_Test" name="Loreal" time="12.755"/>
  <testcase classname="Beauty.LaunchPurpull_Test" name="Purplle" time="18.595"/>
  <testcase classname="Beauty.LaunchSugar_Test" name="sugar" time="8.095"/>
  <testcase classname="Beauty.LauncingLakme_Test" name="Lakme" time="16.739"/>
  <testcase classname="Food.LaunchBurger_Test" name="Buger" time="13.008"/>
  <testcase classname="Food.LaunchPizza_Test" name="Pizza" time="34.718"/>
  <testcase classname="Food.LaunchZomato_Test" name="Zomato" time="9.775"/>
</testsuite> <!-- Surefire test -->
