<?xml version="1.0" encoding="UTF-8"?>
<testng-results ignored="0" total="7" passed="7" failed="0" skipped="0">
  <reporter-output>
  </reporter-output>
  <suite started-at="2024-04-22T07:57:01 IST" name="Surefire suite" finished-at="2024-04-22T07:58:55 IST" duration-ms="113769">
    <groups>
    </groups>
    <test started-at="2024-04-22T07:57:01 IST" name="Surefire test" finished-at="2024-04-22T07:58:55 IST" duration-ms="113769">
      <class name="Food.LaunchPizza_Test">
        <test-method signature="Pizza()[pri:0, instance:Food.LaunchPizza_Test@4278a03f]" started-at="2024-04-22T07:58:10 IST" name="Pizza" finished-at="2024-04-22T07:58:45 IST" duration-ms="34718" status="PASS">
          <reporter-output>
          </reporter-output>
        </test-method> <!-- Pizza -->
      </class> <!-- Food.LaunchPizza_Test -->
      <class name="Food.LaunchBurger_Test">
        <test-method signature="Buger()[pri:0, instance:Food.LaunchBurger_Test@2f177a4b]" started-at="2024-04-22T07:57:57 IST" name="Buger" finished-at="2024-04-22T07:58:10 IST" duration-ms="13008" status="PASS">
          <reporter-output>
          </reporter-output>
        </test-method> <!-- Buger -->
      </class> <!-- Food.LaunchBurger_Test -->
      <class name="Beauty.LaunchSugar_Test">
        <test-method signature="sugar()[pri:0, instance:Beauty.LaunchSugar_Test@27ae2fd0]" started-at="2024-04-22T07:57:32 IST" name="sugar" finished-at="2024-04-22T07:57:40 IST" duration-ms="8095" status="PASS">
          <reporter-output>
          </reporter-output>
        </test-method> <!-- sugar -->
      </class> <!-- Beauty.LaunchSugar_Test -->
      <class name="Beauty.LauncingLakme_Test">
        <test-method signature="Lakme()[pri:0, instance:Beauty.LauncingLakme_Test@29176cc1]" started-at="2024-04-22T07:57:40 IST" name="Lakme" finished-at="2024-04-22T07:57:57 IST" duration-ms="16739" status="PASS">
          <reporter-output>
          </reporter-output>
        </test-method> <!-- Lakme -->
      </class> <!-- Beauty.LauncingLakme_Test -->
      <class name="Beauty.LaunchPurpull_Test">
        <test-method signature="Purplle()[pri:0, instance:Beauty.LaunchPurpull_Test@2928854b]" started-at="2024-04-22T07:57:14 IST" name="Purplle" finished-at="2024-04-22T07:57:32 IST" duration-ms="18595" status="PASS">
          <reporter-output>
          </reporter-output>
        </test-method> <!-- Purplle -->
      </class> <!-- Beauty.LaunchPurpull_Test -->
      <class name="Beauty.LaunchLoreal_Test">
        <test-method signature="Loreal()[pri:0, instance:Beauty.LaunchLoreal_Test@3901d134]" started-at="2024-04-22T07:57:01 IST" name="Loreal" finished-at="2024-04-22T07:57:14 IST" duration-ms="12755" status="PASS">
          <reporter-output>
          </reporter-output>
        </test-method> <!-- Loreal -->
      </class> <!-- Beauty.LaunchLoreal_Test -->
      <class name="Food.LaunchZomato_Test">
        <test-method signature="Zomato()[pri:0, instance:Food.LaunchZomato_Test@147ed70f]" started-at="2024-04-22T07:58:45 IST" name="Zomato" finished-at="2024-04-22T07:58:55 IST" duration-ms="9775" status="PASS">
          <reporter-output>
          </reporter-output>
        </test-method> <!-- Zomato -->
      </class> <!-- Food.LaunchZomato_Test -->
    </test> <!-- Surefire test -->
  </suite> <!-- Surefire suite -->
</testng-results>
